2021-11-25 17:41:45.222  INFO 12280 --- [main] com.example.demo.LoggerAppApplication    : Starting LoggerAppApplication using Java 16.0.2 on AashishGhogre with PID 12280 (C:\Users\ashis\18JRTP\Logger-App\target\classes started by ashis in C:\Users\ashis\18JRTP\Logger-App)
2021-11-25 17:41:45.226  INFO 12280 --- [main] com.example.demo.LoggerAppApplication    : No active profile set, falling back to default profiles: default
2021-11-25 17:41:46.282  INFO 12280 --- [main] o.s.b.w.embedded.tomcat.TomcatWebServer  : Tomcat initialized with port(s): 8083 (http)
2021-11-25 17:41:46.295  INFO 12280 --- [main] o.apache.catalina.core.StandardService   : Starting service [Tomcat]
2021-11-25 17:41:46.296  INFO 12280 --- [main] org.apache.catalina.core.StandardEngine  : Starting Servlet engine: [Apache Tomcat/9.0.55]
2021-11-25 17:41:46.401  INFO 12280 --- [main] o.a.c.c.C.[Tomcat].[localhost].[/]       : Initializing Spring embedded WebApplicationContext
2021-11-25 17:41:46.402  INFO 12280 --- [main] w.s.c.ServletWebServerApplicationContext : Root WebApplicationContext: initialization completed in 1100 ms
2021-11-25 17:41:46.864  INFO 12280 --- [main] o.s.b.w.embedded.tomcat.TomcatWebServer  : Tomcat started on port(s): 8083 (http) with context path ''
2021-11-25 17:41:46.875  INFO 12280 --- [main] com.example.demo.LoggerAppApplication    : Started LoggerAppApplication in 2.193 seconds (JVM running for 3.166)
2021-11-25 17:41:46.878  INFO 12280 --- [main] com.example.demo.dao.UserDao             :  Record inserted into DB succesfully
2021-11-25 17:51:10.826  INFO 12280 --- [RMI TCP Connection(18)-127.0.0.1] inMXBeanRegistrar$SpringApplicationAdmin : Application shutdown requested.
2021-11-25 17:51:31.518  INFO 12688 --- [main] com.example.demo.LoggerAppApplication    : Starting LoggerAppApplication using Java 16.0.2 on AashishGhogre with PID 12688 (C:\Users\ashis\18JRTP\Logger-App\target\classes started by ashis in C:\Users\ashis\18JRTP\Logger-App)
2021-11-25 17:51:31.522  INFO 12688 --- [main] com.example.demo.LoggerAppApplication    : No active profile set, falling back to default profiles: default
2021-11-25 17:51:32.631  INFO 12688 --- [main] o.s.b.w.embedded.tomcat.TomcatWebServer  : Tomcat initialized with port(s): 8083 (http)
2021-11-25 17:51:32.649  INFO 12688 --- [main] o.apache.catalina.core.StandardService   : Starting service [Tomcat]
2021-11-25 17:51:32.650  INFO 12688 --- [main] org.apache.catalina.core.StandardEngine  : Starting Servlet engine: [Apache Tomcat/9.0.55]
2021-11-25 17:51:32.728  INFO 12688 --- [main] o.a.c.c.C.[Tomcat].[localhost].[/]       : Initializing Spring embedded WebApplicationContext
2021-11-25 17:51:32.728  INFO 12688 --- [main] w.s.c.ServletWebServerApplicationContext : Root WebApplicationContext: initialization completed in 1129 ms
2021-11-25 17:51:33.247  INFO 12688 --- [main] o.s.b.w.embedded.tomcat.TomcatWebServer  : Tomcat started on port(s): 8083 (http) with context path ''
2021-11-25 17:51:33.258  INFO 12688 --- [main] com.example.demo.LoggerAppApplication    : Started LoggerAppApplication in 2.295 seconds (JVM running for 3.29)
2021-11-25 17:51:33.260  INFO 12688 --- [main] com.example.demo.dao.UserDao             :  Record inserted into DB succesfully
2021-11-25 17:53:04.612  INFO 12688 --- [RMI TCP Connection(10)-127.0.0.1] inMXBeanRegistrar$SpringApplicationAdmin : Application shutdown requested.
2021-11-25 17:53:14.671  INFO 1996 --- [main] com.example.demo.LoggerAppApplication    : Starting LoggerAppApplication using Java 16.0.2 on AashishGhogre with PID 1996 (C:\Users\ashis\18JRTP\Logger-App\target\classes started by ashis in C:\Users\ashis\18JRTP\Logger-App)
2021-11-25 17:53:14.675  INFO 1996 --- [main] com.example.demo.LoggerAppApplication    : No active profile set, falling back to default profiles: default
2021-11-25 17:53:16.016  INFO 1996 --- [main] o.s.b.w.embedded.tomcat.TomcatWebServer  : Tomcat initialized with port(s): 8083 (http)
2021-11-25 17:53:16.030  INFO 1996 --- [main] o.apache.catalina.core.StandardService   : Starting service [Tomcat]
2021-11-25 17:53:16.031  INFO 1996 --- [main] org.apache.catalina.core.StandardEngine  : Starting Servlet engine: [Apache Tomcat/9.0.55]
2021-11-25 17:53:16.137  INFO 1996 --- [main] o.a.c.c.C.[Tomcat].[localhost].[/]       : Initializing Spring embedded WebApplicationContext
2021-11-25 17:53:16.137  INFO 1996 --- [main] w.s.c.ServletWebServerApplicationContext : Root WebApplicationContext: initialization completed in 1363 ms
2021-11-25 17:53:16.694  INFO 1996 --- [main] o.s.b.w.embedded.tomcat.TomcatWebServer  : Tomcat started on port(s): 8083 (http) with context path ''
2021-11-25 17:53:16.705  INFO 1996 --- [main] com.example.demo.LoggerAppApplication    : Started LoggerAppApplication in 2.659 seconds (JVM running for 3.79)
2021-11-25 17:53:16.709  INFO 1996 --- [main] com.example.demo.dao.UserDao             :  Record inserted into DB succesfully
2021-11-25 17:58:34.283  INFO 1996 --- [RMI TCP Connection(12)-127.0.0.1] inMXBeanRegistrar$SpringApplicationAdmin : Application shutdown requested.
2021-11-25 17:58:49.736  INFO 10924 --- [main] com.example.demo.LoggerAppApplication    : Starting LoggerAppApplication using Java 16.0.2 on AashishGhogre with PID 10924 (C:\Users\ashis\18JRTP\Logger-App\target\classes started by ashis in C:\Users\ashis\18JRTP\Logger-App)
2021-11-25 17:58:49.742  INFO 10924 --- [main] com.example.demo.LoggerAppApplication    : No active profile set, falling back to default profiles: default
2021-11-25 17:58:50.823  INFO 10924 --- [main] o.s.b.w.embedded.tomcat.TomcatWebServer  : Tomcat initialized with port(s): 8083 (http)
2021-11-25 17:58:50.842  INFO 10924 --- [main] o.apache.catalina.core.StandardService   : Starting service [Tomcat]
2021-11-25 17:58:50.843  INFO 10924 --- [main] org.apache.catalina.core.StandardEngine  : Starting Servlet engine: [Apache Tomcat/9.0.55]
2021-11-25 17:58:50.953  INFO 10924 --- [main] o.a.c.c.C.[Tomcat].[localhost].[/]       : Initializing Spring embedded WebApplicationContext
2021-11-25 17:58:50.953  INFO 10924 --- [main] w.s.c.ServletWebServerApplicationContext : Root WebApplicationContext: initialization completed in 1128 ms
2021-11-25 17:58:51.428  INFO 10924 --- [main] o.s.b.w.embedded.tomcat.TomcatWebServer  : Tomcat started on port(s): 8083 (http) with context path ''
2021-11-25 17:58:51.438  INFO 10924 --- [main] com.example.demo.LoggerAppApplication    : Started LoggerAppApplication in 2.247 seconds (JVM running for 3.25)
2021-11-25 17:58:51.441  INFO 10924 --- [main] com.example.demo.dao.UserDao             :  Record inserted into DB succesfully
2021-11-25 22:15:24.800  INFO 10924 --- [RMI TCP Connection(253)-127.0.0.1] inMXBeanRegistrar$SpringApplicationAdmin : Application shutdown requested.
